=============================================================
START SCRIPT: ScriptManagementHyperviser.sh
=============================================================
Date : 2026-02-20 17:40:12
=============================================================
2026-02-20 17:40:22 [INFO] - ip proxmox set : proxmox.labo.local with username root
2026-02-20 17:40:25 [INFO] - Action List VMs in Proxmox :       VMID NAME                 STATUS     MEM(MB)    BOOTDISK(GB) PID       
       100 CloudInit            stopped    2048               2.20 0         
       102 Ansible              stopped    2048              10.00 0         
       103 DNS                  running    2048              10.00 1333      
       104 terraform            stopped    2048              10.00 0         
       105 ActiveDirectory      stopped    4096              75.00 0         
       106 pdt                  stopped    4096              70.00 0         
       109 ESXI                 stopped    21960            126.00 0         
       200 dev0                 running    4096              10.00 1673      
       202 dev2                 running    4096              10.00 2613      
       203 dev3                 stopped    4096              10.00 0          
2026-02-20 17:40:29 [INFO] - Action List LXC in Proxmox : VMID       Status     Lock         Name                
101        running                 VPN                 
107        stopped                 Emby                
110        running                 NextcloudPROD       
2026-02-20 17:40:50 [SUCCES] - Action start in PROXMOX on VM 106 : ExitCode : 0 
2026-02-20 17:41:05 [SUCCES] - Action start in PROXMOX on LXC 107 : ExitCode : 0 
2026-02-20 17:42:16 [ERROR] - Action stop in PROXMOX on VM 106 : ExitCode : 255 
2026-02-20 17:42:38 [SUCCES] - Action stop in PROXMOX on LXC 107 : ExitCode : 0 
2026-02-20 17:42:43 [INFO] - Action List Interface Netwok in Proxmox : # network interface settings; autogenerated
# Please do NOT modify this file directly, unless you know what
# you're doing.
#
# If you want to manage parts of the network configuration manually,
# please utilize the 'source' or 'source-directory' directives to do
# so.
# PVE will preserve these directives, but will NOT read its network
# configuration from sourced files, so do not attempt to move any of
# the PVE managed interfaces into external files!

auto lo
iface lo inet loopback

iface enp3s0 inet manual

iface eno1 inet manual

iface wlp2s0 inet manual

auto vmbr0
iface vmbr0 inet static
        address 192.168.1.67/24
        gateway 192.168.1.254
        bridge-ports enp3s0
        bridge-stp off
        bridge-fd 0

auto vmbr1
iface vmbr1 inet manual
        bridge-ports none
        bridge-stp off
        bridge-fd 0


auto vmbr2
iface vmbr2 inet static 
	address 192.168.2.0/24
	gateway 192.168.2.254
	bridge-ports none
	bridge-stp off
	bridge-fd 0

source /etc/network/interfaces.d/* 
2026-02-20 17:42:49 [INFO] - choice Remove interface network 
2026-02-20 17:42:52 [INFO] - remove iface vmbr2 in proxmox interfaces network 
2026-02-20 17:42:58 [INFO] - choice Added interface network 
2026-02-20 17:43:12 [INFO] - Add iface vmbr3 in proxmox interfaces network with configuration next : ip_address: 192.168.3.0/24 gateway: 192.168.3.254  
=============================================================
    END SCRIPT
Date : 2026-02-20 17:43:18
=============================================================
