=============================================================
START SCRIPT: check_system.sh
=============================================================
Date : 2026-02-21 22:41:46
=============================================================
2026-02-21 22:41:46 [INFO] - 1min,5min,15min : average: 0.00, 0.00, 0.00
2026-02-21 22:41:46 [INFO] - up 1 day, 6 hours, 8 minutes
2026-02-21 22:41:46 [INFO] - Ram : total,used,free -> 3.8Gi 172Mi 2.8Gi
2026-02-21 22:41:49 [INFO] - Space Disk  used in /dev/sda1 is busy at 37% and Mounted on /
2026-02-21 22:41:52 [INFO] - the check ping 4 packets transmitted, 4 received, 0% packet loss, time 3005ms
rtt min/avg/max/mdev = 6.409/8.050/9.530/1.182 ms 
2026-02-21 22:41:52 [INFO] - resolve domain name google.com : Address: 142.251.209.142
Address: 2a00:1450:4007:809::200e 
2026-02-21 22:41:56 [INFO] - the interface eth0 -> receipt: 43Mo and send: 36Mo in date Sat Feb 21 22:41:46 
=============================================================
END SCRIPT
Date : 2026-02-21 22:41:56
=============================================================
=============================================================
START SCRIPT: check_system.sh
=============================================================
Date : 2026-02-21 22:42:00
=============================================================
2026-02-21 22:42:00 [INFO] - 1min,5min,15min : average: 0.00, 0.00, 0.00
2026-02-21 22:42:00 [INFO] - up 1 day, 6 hours, 8 minutes
2026-02-21 22:42:00 [INFO] - Ram : total,used,free -> 3.8Gi 171Mi 2.8Gi
2026-02-21 22:42:04 [ERROR] - the df -h command did not work: Exitcode : df: /dev/sdc: No such file or directory
2026-02-21 22:42:04 [ERROR] - The function StateDisk Failed
2026-02-21 22:42:07 [INFO] - the check ping 4 packets transmitted, 4 received, 0% packet loss, time 3005ms
rtt min/avg/max/mdev = 6.511/7.031/7.401/0.353 ms 
2026-02-21 22:42:07 [INFO] - resolve domain name google.com : Address: 142.251.209.142
Address: 2a00:1450:4007:809::200e 
2026-02-21 22:42:13 [ERROR] - the check interface static eth1  does not exist 
2026-02-21 22:42:13 [ERROR] - The function CheckNetwork Failed
=============================================================
END SCRIPT
Date : 2026-02-21 22:42:13
=============================================================
